<?xml version="1.0" encoding="UTF-8"?>
<testng-results skipped="0" failed="0" ignored="0" total="1" passed="1">
  <reporter-output>
  </reporter-output>
  <suite name="Default suite" duration-ms="9802" started-at="2019-04-10T05:18:19Z" finished-at="2019-04-10T05:18:29Z">
    <groups>
    </groups>
    <test name="Default test" duration-ms="9802" started-at="2019-04-10T05:18:19Z" finished-at="2019-04-10T05:18:29Z">
      <class name="dashbord.pro.addCategory">
        <test-method status="PASS" signature="addCategor()[pri:0, instance:dashbord.pro.addCategory@7880cdf3]" name="addCategor" duration-ms="9773" started-at="2019-04-10T05:18:19Z" finished-at="2019-04-10T05:18:29Z">
          <reporter-output>
          </reporter-output>
        </test-method> <!-- addCategor -->
      </class> <!-- dashbord.pro.addCategory -->
    </test> <!-- Default test -->
  </suite> <!-- Default suite -->
</testng-results>
